<?xml version="1.0" encoding="UTF-8"?>
<!-- Generated by org.testng.reporters.JUnitReportReporter -->
<testsuite skipped="0" hostname="6897dd42efcf" name="com.searchmodule.tests.SearchTest" tests="4" failures="0" timestamp="02 Jun 2022 16:20:06 GMT" time="14.453" errors="0">
  <testcase name="search" time="3.457" classname="com.searchmodule.tests.SearchTest"/>
  <testcase name="search" time="3.133" classname="com.searchmodule.tests.SearchTest"/>
  <testcase name="search" time="3.135" classname="com.searchmodule.tests.SearchTest"/>
  <testcase name="search" time="4.728" classname="com.searchmodule.tests.SearchTest"/>
</testsuite> <!-- com.searchmodule.tests.SearchTest -->
