<?xml version="1.0" encoding="UTF-8"?>
<!-- Generated by org.testng.reporters.JUnitReportReporter -->
<testsuite skipped="0" hostname="30101674c1b9" name="com.searchmodule.tests.SearchTest" tests="4" failures="0" timestamp="02 Jun 2022 16:20:12 GMT" time="14.264" errors="0">
  <testcase name="search" time="4.897" classname="com.searchmodule.tests.SearchTest"/>
  <testcase name="search" time="4.033" classname="com.searchmodule.tests.SearchTest"/>
  <testcase name="search" time="2.700" classname="com.searchmodule.tests.SearchTest"/>
  <testcase name="search" time="2.634" classname="com.searchmodule.tests.SearchTest"/>
</testsuite> <!-- com.searchmodule.tests.SearchTest -->
